Using pre-set license
Built from '2020.3/release' branch; Version is '2020.3.27f1 (e759542391ea) revision 15161684'; Using compiler version '192528614'; Build Type 'Release'
OS: 'Windows 10  (10.0.19044) 64bit Professional' Language: 'ko' Physical Memory: 16314 MB
BatchMode: 1, IsHumanControllingUs: 0, StartBugReporterOnCrash: 0, Is64bit: 1, IsPro: 0

COMMAND LINE ARGUMENTS:
C:\Users\Windows10\Desktop\Uni\2020.3.27f1\Editor\Unity.exe
-adb2
-batchMode
-noUpm
-name
AssetImportWorker0
-projectPath
C:/UIUX/FlyMagnet/FlyMagnet_Project
-logFile
Logs/AssetImportWorker0.log
-srvPort
59889
Successfully changed project path to: C:/UIUX/FlyMagnet/FlyMagnet_Project
C:/UIUX/FlyMagnet/FlyMagnet_Project
Using Asset Import Pipeline V2.
Refreshing native plugins compatible for Editor in 85.86 ms, found 3 plugins.
Preloading 0 native plugins for Editor in 0.00 ms.
Initialize engine version: 2020.3.27f1 (e759542391ea)
[Subsystems] Discovering subsystems at path C:/Users/Windows10/Desktop/Uni/2020.3.27f1/Editor/Data/Resources/UnitySubsystems
[Subsystems] Discovering subsystems at path C:/UIUX/FlyMagnet/FlyMagnet_Project/Assets
GfxDevice: creating device client; threaded=0
Direct3D:
    Version:  Direct3D 11.0 [level 11.1]
    Renderer: NVIDIA GeForce GTX 1060 6GB (ID=0x1c03)
    Vendor:   
    VRAM:     6052 MB
    Driver:   30.0.15.1123
Initialize mono
Mono path[0] = 'C:/Users/Windows10/Desktop/Uni/2020.3.27f1/Editor/Data/Managed'
Mono path[1] = 'C:/Users/Windows10/Desktop/Uni/2020.3.27f1/Editor/Data/MonoBleedingEdge/lib/mono/unityjit'
Mono config path = 'C:/Users/Windows10/Desktop/Uni/2020.3.27f1/Editor/Data/MonoBleedingEdge/etc'
Using monoOptions --debugger-agent=transport=dt_socket,embedding=1,server=y,suspend=n,address=127.0.0.1:56424
Begin MonoManager ReloadAssembly
Registering precompiled unity dll's ...
Register platform support module: C:/Users/Windows10/Desktop/Uni/2020.3.27f1/Editor/Data/PlaybackEngines/WindowsStandaloneSupport/UnityEditor.WindowsStandalone.Extensions.dll
Registered in 0.010294 seconds.
Native extension for WindowsStandalone target not found
Refreshing native plugins compatible for Editor in 74.04 ms, found 3 plugins.
Preloading 0 native plugins for Editor in 0.00 ms.
Mono: successfully reloaded assembly
- Completed reload, in  0.943 seconds
Domain Reload Profiling:
	ReloadAssembly (944ms)
		BeginReloadAssembly (171ms)
			ExecutionOrderSort (0ms)
			DisableScriptedObjects (0ms)
			BackupInstance (0ms)
			ReleaseScriptingObjects (0ms)
			CreateAndSetChildDomain (1ms)
		EndReloadAssembly (633ms)
			LoadAssemblies (160ms)
			RebuildTransferFunctionScriptingTraits (0ms)
			SetupTypeCache (187ms)
			ReleaseScriptCaches (0ms)
			RebuildScriptCaches (32ms)
			SetupLoadedEditorAssemblies (231ms)
				LogAssemblyErrors (0ms)
				InitializePlatformSupportModulesInManaged (6ms)
				SetLoadedEditorAssemblies (0ms)
				RefreshPlugins (74ms)
				BeforeProcessingInitializeOnLoad (18ms)
				ProcessInitializeOnLoadAttributes (99ms)
				ProcessInitializeOnLoadMethodAttributes (33ms)
				AfterProcessingInitializeOnLoad (0ms)
				EditorAssembliesLoaded (0ms)
			ExecutionOrderSort2 (0ms)
			AwakeInstancesAfterBackupRestoration (0ms)
Platform modules already initialized, skipping
Registering precompiled user dll's ...
Registered in 0.016442 seconds.
Begin MonoManager ReloadAssembly
Native extension for WindowsStandalone target not found
Refreshing native plugins compatible for Editor in 70.75 ms, found 3 plugins.
Preloading 0 native plugins for Editor in 0.00 ms.
Mono: successfully reloaded assembly
- Completed reload, in  1.765 seconds
Domain Reload Profiling:
	ReloadAssembly (1766ms)
		BeginReloadAssembly (277ms)
			ExecutionOrderSort (0ms)
			DisableScriptedObjects (5ms)
			BackupInstance (0ms)
			ReleaseScriptingObjects (0ms)
			CreateAndSetChildDomain (22ms)
		EndReloadAssembly (1367ms)
			LoadAssemblies (245ms)
			RebuildTransferFunctionScriptingTraits (0ms)
			SetupTypeCache (397ms)
			ReleaseScriptCaches (1ms)
			RebuildScriptCaches (67ms)
			SetupLoadedEditorAssemblies (545ms)
				LogAssemblyErrors (0ms)
				InitializePlatformSupportModulesInManaged (6ms)
				SetLoadedEditorAssemblies (0ms)
				RefreshPlugins (71ms)
				BeforeProcessingInitializeOnLoad (167ms)
				ProcessInitializeOnLoadAttributes (245ms)
				ProcessInitializeOnLoadMethodAttributes (22ms)
				AfterProcessingInitializeOnLoad (33ms)
				EditorAssembliesLoaded (0ms)
			ExecutionOrderSort2 (0ms)
			AwakeInstancesAfterBackupRestoration (8ms)
Platform modules already initialized, skipping
========================================================================
Worker process is ready to serve import requests
Launched and connected shader compiler UnityShaderCompiler.exe after 0.07 seconds
Refreshing native plugins compatible for Editor in 0.68 ms, found 3 plugins.
Preloading 0 native plugins for Editor in 0.00 ms.
Unloading 2783 Unused Serialized files (Serialized files now loaded: 0)
System memory in use before: 145.7 MB.
System memory in use after: 145.9 MB.

Unloading 29 unused Assets to reduce memory usage. Loaded Objects now: 3219.
Total: 3.692500 ms (FindLiveObjects: 0.281600 ms CreateObjectMapping: 0.073000 ms MarkObjects: 3.235400 ms  DeleteObjects: 0.100900 ms)

AssetImportParameters requested are different than current active one (requested -> active):
  custom:framework-win-MediaFoundation: 216162199b28c13a410421893ffa2e32 -> 
  custom:video-decoder-ogg-theora: a1e56fd34408186e4bbccfd4996cb3dc -> 
  custom:container-muxer-webm: aa71ff27fc2769a1b78a27578f13a17b -> 
  custom:container-demuxer-webm: 4f35f7cbe854078d1ac9338744f61a02 -> 
  custom:container-demuxer-ogg: 62fdf1f143b41e24485cea50d1cbac27 -> 
  custom:video-encoder-webm-vp8: eb34c28f22e8b96e1ab97ce403110664 -> 
  custom:video-codec-MediaFoundation-h265: 746d11721c4dcdbdad8f713fa42b33f4 -> 
  custom:video-decoder-webm-vp8: 9c59270c3fd7afecdb556c50c9e8de78 -> 
  custom:audio-decoder-ogg-vorbis: bf7c407c2cedff20999df2af8eb42d56 -> 
  custom:audio-encoder-webm-vorbis: bf7c407c2cedff20999df2af8eb42d56 -> 
========================================================================
Received Import Request.
  path: Assets/Rice_Snack
  artifactKey: Guid(d8feb219bd7283e41b6277a3cecf3588) Importer(815301076,1909f56bfc062723c751e8b465ee728b)
Start importing Assets/Rice_Snack using Guid(d8feb219bd7283e41b6277a3cecf3588) Importer(815301076,1909f56bfc062723c751e8b465ee728b)  -> (artifact id: 'c18bf26a5519cce0b7dba7e9c37a6521') in 0.009637 seconds 
  Import took 0.014183 seconds .

========================================================================
Received Import Request.
  Time since last request: 0.000263 seconds.
  path: Assets/Sci-Fi UI
  artifactKey: Guid(f711ad1c7e79d4a4fa8db233866a45e8) Importer(815301076,1909f56bfc062723c751e8b465ee728b)
Start importing Assets/Sci-Fi UI using Guid(f711ad1c7e79d4a4fa8db233866a45e8) Importer(815301076,1909f56bfc062723c751e8b465ee728b)  -> (artifact id: '097709ea01f583a5413bb85b0fa94f97') in 0.004615 seconds 
  Import took 0.009015 seconds .

========================================================================
Received Import Request.
  Time since last request: 0.000298 seconds.
  path: Assets/Scences/Title.unity
  artifactKey: Guid(57e5d0a1fb9ca084d9512eb72cafffe3) Importer(815301076,1909f56bfc062723c751e8b465ee728b)
Start importing Assets/Scences/Title.unity using Guid(57e5d0a1fb9ca084d9512eb72cafffe3) Importer(815301076,1909f56bfc062723c751e8b465ee728b)  -> (artifact id: 'dabd765aadcaed886723841774017052') in 0.017582 seconds 
  Import took 0.022769 seconds .

========================================================================
Received Import Request.
  Time since last request: 0.000280 seconds.
  path: Assets/Jigwan
  artifactKey: Guid(b10c601bbb0b3a64a80294f3708630d9) Importer(815301076,1909f56bfc062723c751e8b465ee728b)
Start importing Assets/Jigwan using Guid(b10c601bbb0b3a64a80294f3708630d9) Importer(815301076,1909f56bfc062723c751e8b465ee728b)  -> (artifact id: '03cb0b846cdc10acf5f98ec4f0e4cee2') in 0.005118 seconds 
  Import took 0.010547 seconds .

========================================================================
Received Import Request.
  Time since last request: 0.000300 seconds.
  path: Assets/Audio
  artifactKey: Guid(52611843a2728a44f9d8b703bf7807de) Importer(815301076,1909f56bfc062723c751e8b465ee728b)
Start importing Assets/Audio using Guid(52611843a2728a44f9d8b703bf7807de) Importer(815301076,1909f56bfc062723c751e8b465ee728b)  -> (artifact id: 'a710fb7fa0d492ded06b6a64a5aace7b') in 0.005053 seconds 
  Import took 0.009723 seconds .

========================================================================
Received Import Request.
  Time since last request: 0.000328 seconds.
  path: Assets/Scences
  artifactKey: Guid(b8cf7280e68f86f4294b377ea060879c) Importer(815301076,1909f56bfc062723c751e8b465ee728b)
Start importing Assets/Scences using Guid(b8cf7280e68f86f4294b377ea060879c) Importer(815301076,1909f56bfc062723c751e8b465ee728b)  -> (artifact id: '13b9bec0461c62cbfeee71a6f3cdffc4') in 0.005310 seconds 
  Import took 0.009838 seconds .

========================================================================
Received Import Request.
  Time since last request: 0.000278 seconds.
  path: Assets/BiN_
  artifactKey: Guid(73c405706585f1c4092825538e8021b6) Importer(815301076,1909f56bfc062723c751e8b465ee728b)
Start importing Assets/BiN_ using Guid(73c405706585f1c4092825538e8021b6) Importer(815301076,1909f56bfc062723c751e8b465ee728b)  -> (artifact id: 'a6117d98f69fdedff51ee85f98f7d74e') in 0.006080 seconds 
  Import took 0.010665 seconds .

========================================================================
Received Import Request.
  Time since last request: 0.000258 seconds.
  path: Assets/Scences/Menu.unity
  artifactKey: Guid(cb4247843a78c794bb41c30b1ad947b7) Importer(815301076,1909f56bfc062723c751e8b465ee728b)
Start importing Assets/Scences/Menu.unity using Guid(cb4247843a78c794bb41c30b1ad947b7) Importer(815301076,1909f56bfc062723c751e8b465ee728b)  -> (artifact id: '31d722db0b6e339fd6642ebc30930118') in 0.005451 seconds 
  Import took 0.010088 seconds .

========================================================================
Received Import Request.
  Time since last request: 0.431110 seconds.
  path: Assets/Scences/Tutorial.unity
  artifactKey: Guid(56a0d678a724f624fac0b16504d40a88) Importer(815301076,1909f56bfc062723c751e8b465ee728b)
Start importing Assets/Scences/Tutorial.unity using Guid(56a0d678a724f624fac0b16504d40a88) Importer(815301076,1909f56bfc062723c751e8b465ee728b)  -> (artifact id: '8d2e209f368c5f8bfbe13c7c75eaade9') in 0.006360 seconds 
  Import took 0.011344 seconds .

========================================================================
Received Import Request.
  Time since last request: 250.145279 seconds.
  path: Assets/Scences/Tutorial.unity
  artifactKey: Guid(56a0d678a724f624fac0b16504d40a88) Importer(815301076,1909f56bfc062723c751e8b465ee728b)
Start importing Assets/Scences/Tutorial.unity using Guid(56a0d678a724f624fac0b16504d40a88) Importer(815301076,1909f56bfc062723c751e8b465ee728b)  -> (artifact id: 'c2332076ed480f12b56c62f44b1f1de2') in 0.005123 seconds 
  Import took 0.010122 seconds .

========================================================================
Received Import Request.
  Time since last request: 0.609998 seconds.
  path: Assets/Scences/InGame.unity
  artifactKey: Guid(0baeb7f9b1f07624695f344681c0cafa) Importer(815301076,1909f56bfc062723c751e8b465ee728b)
Start importing Assets/Scences/InGame.unity using Guid(0baeb7f9b1f07624695f344681c0cafa) Importer(815301076,1909f56bfc062723c751e8b465ee728b)  -> (artifact id: '1b01cc62ead209a508b2852fe9902cc5') in 0.004953 seconds 
  Import took 0.009317 seconds .

========================================================================
Received Prepare
Registering precompiled user dll's ...
Registered in 0.014947 seconds.
Begin MonoManager ReloadAssembly
Native extension for WindowsStandalone target not found
Refreshing native plugins compatible for Editor in 0.69 ms, found 3 plugins.
Preloading 0 native plugins for Editor in 0.00 ms.
Mono: successfully reloaded assembly
- Completed reload, in  1.719 seconds
Domain Reload Profiling:
	ReloadAssembly (1719ms)
		BeginReloadAssembly (247ms)
			ExecutionOrderSort (0ms)
			DisableScriptedObjects (8ms)
			BackupInstance (0ms)
			ReleaseScriptingObjects (0ms)
			CreateAndSetChildDomain (40ms)
		EndReloadAssembly (1341ms)
			LoadAssemblies (244ms)
			RebuildTransferFunctionScriptingTraits (0ms)
			SetupTypeCache (399ms)
			ReleaseScriptCaches (1ms)
			RebuildScriptCaches (67ms)
			SetupLoadedEditorAssemblies (520ms)
				LogAssemblyErrors (0ms)
				InitializePlatformSupportModulesInManaged (7ms)
				SetLoadedEditorAssemblies (1ms)
				RefreshPlugins (1ms)
				BeforeProcessingInitializeOnLoad (179ms)
				ProcessInitializeOnLoadAttributes (277ms)
				ProcessInitializeOnLoadMethodAttributes (16ms)
				AfterProcessingInitializeOnLoad (40ms)
				EditorAssembliesLoaded (0ms)
			ExecutionOrderSort2 (0ms)
			AwakeInstancesAfterBackupRestoration (13ms)
Platform modules already initialized, skipping
Switching build target platform(19) subTarget(0) extendedPlatform(0) -> platform(13) subTarget(537395200) extendedPlatform(0)
Refreshing native plugins compatible for Editor in 0.97 ms, found 3 plugins.
Preloading 0 native plugins for Editor in 0.00 ms.
Unloading 2546 Unused Serialized files (Serialized files now loaded: 0)
System memory in use before: 119.7 MB.
System memory in use after: 119.9 MB.

Unloading 18 unused Assets to reduce memory usage. Loaded Objects now: 3221.
Total: 5.229800 ms (FindLiveObjects: 0.447100 ms CreateObjectMapping: 0.117100 ms MarkObjects: 4.627900 ms  DeleteObjects: 0.035700 ms)

AssetImportParameters requested are different than current active one (requested -> active):
  custom:framework-win-MediaFoundation: 216162199b28c13a410421893ffa2e32 -> 
  custom:video-decoder-ogg-theora: a1e56fd34408186e4bbccfd4996cb3dc -> 
  custom:container-muxer-webm: aa71ff27fc2769a1b78a27578f13a17b -> 
  custom:container-demuxer-webm: 4f35f7cbe854078d1ac9338744f61a02 -> 
  custom:container-demuxer-ogg: 62fdf1f143b41e24485cea50d1cbac27 -> 
  custom:video-encoder-webm-vp8: eb34c28f22e8b96e1ab97ce403110664 -> 
  custom:video-codec-MediaFoundation-h265: 746d11721c4dcdbdad8f713fa42b33f4 -> 
  custom:video-decoder-webm-vp8: 9c59270c3fd7afecdb556c50c9e8de78 -> 
  custom:graphics/normal-map-encoding: 01000000000000000000000000000000 -> 02000000000000000000000000000000
  custom:audio-decoder-ogg-vorbis: bf7c407c2cedff20999df2af8eb42d56 -> 
  custom:audio-encoder-webm-vorbis: bf7c407c2cedff20999df2af8eb42d56 -> 
========================================================================
Received Prepare
Registering precompiled user dll's ...
Registered in 0.016095 seconds.
Begin MonoManager ReloadAssembly
Native extension for WindowsStandalone target not found
Refreshing native plugins compatible for Editor in 0.76 ms, found 3 plugins.
Preloading 0 native plugins for Editor in 0.00 ms.
Mono: successfully reloaded assembly
- Completed reload, in  1.816 seconds
Domain Reload Profiling:
	ReloadAssembly (1817ms)
		BeginReloadAssembly (252ms)
			ExecutionOrderSort (0ms)
			DisableScriptedObjects (8ms)
			BackupInstance (0ms)
			ReleaseScriptingObjects (0ms)
			CreateAndSetChildDomain (43ms)
		EndReloadAssembly (1434ms)
			LoadAssemblies (259ms)
			RebuildTransferFunctionScriptingTraits (0ms)
			SetupTypeCache (438ms)
			ReleaseScriptCaches (1ms)
			RebuildScriptCaches (65ms)
			SetupLoadedEditorAssemblies (544ms)
				LogAssemblyErrors (0ms)
				InitializePlatformSupportModulesInManaged (6ms)
				SetLoadedEditorAssemblies (1ms)
				RefreshPlugins (1ms)
				BeforeProcessingInitializeOnLoad (211ms)
				ProcessInitializeOnLoadAttributes (273ms)
				ProcessInitializeOnLoadMethodAttributes (15ms)
				AfterProcessingInitializeOnLoad (37ms)
				EditorAssembliesLoaded (0ms)
			ExecutionOrderSort2 (0ms)
			AwakeInstancesAfterBackupRestoration (11ms)
Platform modules already initialized, skipping
Switching build target platform(19) subTarget(0) extendedPlatform(0) -> platform(13) subTarget(537395200) extendedPlatform(0)
Refreshing native plugins compatible for Editor in 0.94 ms, found 3 plugins.
Preloading 0 native plugins for Editor in 0.00 ms.
Unloading 2546 Unused Serialized files (Serialized files now loaded: 0)
System memory in use before: 119.7 MB.
System memory in use after: 119.9 MB.

Unloading 18 unused Assets to reduce memory usage. Loaded Objects now: 3223.
Total: 3.664200 ms (FindLiveObjects: 0.278700 ms CreateObjectMapping: 0.078000 ms MarkObjects: 3.286500 ms  DeleteObjects: 0.019600 ms)

AssetImportParameters requested are different than current active one (requested -> active):
  custom:framework-win-MediaFoundation: 216162199b28c13a410421893ffa2e32 -> 
  custom:video-decoder-ogg-theora: a1e56fd34408186e4bbccfd4996cb3dc -> 
  custom:container-muxer-webm: aa71ff27fc2769a1b78a27578f13a17b -> 
  custom:container-demuxer-webm: 4f35f7cbe854078d1ac9338744f61a02 -> 
  custom:container-demuxer-ogg: 62fdf1f143b41e24485cea50d1cbac27 -> 
  custom:video-encoder-webm-vp8: eb34c28f22e8b96e1ab97ce403110664 -> 
  custom:video-codec-MediaFoundation-h265: 746d11721c4dcdbdad8f713fa42b33f4 -> 
  custom:video-decoder-webm-vp8: 9c59270c3fd7afecdb556c50c9e8de78 -> 
  custom:graphics/normal-map-encoding: 01000000000000000000000000000000 -> 02000000000000000000000000000000
  custom:audio-decoder-ogg-vorbis: bf7c407c2cedff20999df2af8eb42d56 -> 
  custom:audio-encoder-webm-vorbis: bf7c407c2cedff20999df2af8eb42d56 -> 
========================================================================
Received Import Request.
  Time since last request: 344.858537 seconds.
  path: Assets/GimicResources/asteriod.png
  artifactKey: Guid(652bb7a8fd10f4a44b30576d481bd8bc) Importer(815301076,1909f56bfc062723c751e8b465ee728b)
Start importing Assets/GimicResources/asteriod.png using Guid(652bb7a8fd10f4a44b30576d481bd8bc) Importer(815301076,1909f56bfc062723c751e8b465ee728b)  -> (artifact id: 'cf10f2058e7a4071892fc76ba574b520') in 0.222213 seconds 
  Import took 0.227275 seconds .

========================================================================
Received Import Request.
  Time since last request: 6.355164 seconds.
  path: Assets/Rice_Snack/Scripts
  artifactKey: Guid(b3cc59a7d83195348ad077222ea05af3) Importer(815301076,1909f56bfc062723c751e8b465ee728b)
Start importing Assets/Rice_Snack/Scripts using Guid(b3cc59a7d83195348ad077222ea05af3) Importer(815301076,1909f56bfc062723c751e8b465ee728b)  -> (artifact id: '2f25f4956f346938418a9c8f4570bcc9') in 0.004496 seconds 
  Import took 0.009010 seconds .

========================================================================
Received Import Request.
  Time since last request: 0.492344 seconds.
  path: Assets/Rice_Snack/Sprite
  artifactKey: Guid(ac134a0e27242a44e833202ddb9057b4) Importer(815301076,1909f56bfc062723c751e8b465ee728b)
Start importing Assets/Rice_Snack/Sprite using Guid(ac134a0e27242a44e833202ddb9057b4) Importer(815301076,1909f56bfc062723c751e8b465ee728b)  -> (artifact id: '21e0c39c81ef2cc445e96c2c6893411b') in 0.004948 seconds 
  Import took 0.009383 seconds .

========================================================================
Received Import Request.
  Time since last request: 0.038161 seconds.
  path: Assets/Rice_Snack/Sprite/CheckBar.png
  artifactKey: Guid(53797582a8bef924c9a9b96f8b2d3186) Importer(815301076,1909f56bfc062723c751e8b465ee728b)
Start importing Assets/Rice_Snack/Sprite/CheckBar.png using Guid(53797582a8bef924c9a9b96f8b2d3186) Importer(815301076,1909f56bfc062723c751e8b465ee728b)  -> (artifact id: '0e8c8ba2a297f93304b03df8222b07da') in 0.018535 seconds 
  Import took 0.023432 seconds .

========================================================================
Received Import Request.
  Time since last request: 0.000305 seconds.
  path: Assets/Rice_Snack/Sprite/S_Block.png
  artifactKey: Guid(fd1aff1496eca984b903fce7a23757ba) Importer(815301076,1909f56bfc062723c751e8b465ee728b)
Start importing Assets/Rice_Snack/Sprite/S_Block.png using Guid(fd1aff1496eca984b903fce7a23757ba) Importer(815301076,1909f56bfc062723c751e8b465ee728b)  -> (artifact id: '2c1f6fda5b6cc1362e1b3bd922938f64') in 0.015897 seconds 
  Import took 0.020839 seconds .

========================================================================
Received Import Request.
  Time since last request: 0.000302 seconds.
  path: Assets/Rice_Snack/Sprite/N_block.png
  artifactKey: Guid(06c2844e92455b64e8dbe41baa97286c) Importer(815301076,1909f56bfc062723c751e8b465ee728b)
Start importing Assets/Rice_Snack/Sprite/N_block.png using Guid(06c2844e92455b64e8dbe41baa97286c) Importer(815301076,1909f56bfc062723c751e8b465ee728b)  -> (artifact id: 'e13231a1420b112fdfbdb37b6da6de66') in 0.016435 seconds 
  Import took 0.020815 seconds .

========================================================================
Received Import Request.
  Time since last request: 1.277875 seconds.
  path: Assets/Rice_Snack/Frefab
  artifactKey: Guid(864029c19f3c6b648aca0d9f2e2945c0) Importer(815301076,1909f56bfc062723c751e8b465ee728b)
Start importing Assets/Rice_Snack/Frefab using Guid(864029c19f3c6b648aca0d9f2e2945c0) Importer(815301076,1909f56bfc062723c751e8b465ee728b)  -> (artifact id: '04291f2f61c29b8e1c8b01b267f40f8e') in 0.004497 seconds 
  Import took 0.008912 seconds .

========================================================================
Received Import Request.
  Time since last request: 1.528499 seconds.
  path: Assets/Rice_Snack/Scripts/Block.cs
  artifactKey: Guid(d03655d259a13cb4085bbf50aa15e651) Importer(815301076,1909f56bfc062723c751e8b465ee728b)
Start importing Assets/Rice_Snack/Scripts/Block.cs using Guid(d03655d259a13cb4085bbf50aa15e651) Importer(815301076,1909f56bfc062723c751e8b465ee728b)  -> (artifact id: 'c338366144241f118dc9fc75a9efd685') in 0.025271 seconds 
  Import took 0.029652 seconds .

========================================================================
Received Import Request.
  Time since last request: 0.217809 seconds.
  path: Assets/Rice_Snack/Scripts/BlockManager.cs
  artifactKey: Guid(20058645acddeca4ca79e7c45502b2b1) Importer(815301076,1909f56bfc062723c751e8b465ee728b)
Start importing Assets/Rice_Snack/Scripts/BlockManager.cs using Guid(20058645acddeca4ca79e7c45502b2b1) Importer(815301076,1909f56bfc062723c751e8b465ee728b)  -> (artifact id: '72bcce927b1085507ddd0aaceb5e63b4') in 0.005599 seconds 
  Import took 0.010004 seconds .

========================================================================
Received Import Request.
  Time since last request: 0.272088 seconds.
  path: Assets/Rice_Snack/Scripts/ClearButton.cs
  artifactKey: Guid(6185f97621bb00048bd774e3d808ef0e) Importer(815301076,1909f56bfc062723c751e8b465ee728b)
Start importing Assets/Rice_Snack/Scripts/ClearButton.cs using Guid(6185f97621bb00048bd774e3d808ef0e) Importer(815301076,1909f56bfc062723c751e8b465ee728b)  -> (artifact id: 'a8a42e005d247a2464dd223d6f90ea51') in 0.004826 seconds 
  Import took 0.009482 seconds .

========================================================================
Received Import Request.
  Time since last request: 1.001295 seconds.
  path: Assets/Rice_Snack/Scripts/CheckBar.cs
  artifactKey: Guid(847959c8c26723842a342d84f79d7d79) Importer(815301076,1909f56bfc062723c751e8b465ee728b)
Start importing Assets/Rice_Snack/Scripts/CheckBar.cs using Guid(847959c8c26723842a342d84f79d7d79) Importer(815301076,1909f56bfc062723c751e8b465ee728b)  -> (artifact id: 'd063c812dc3b1697e5f50d801875c392') in 0.005399 seconds 
  Import took 0.009931 seconds .

========================================================================
Received Import Request.
  Time since last request: 1.004852 seconds.
  path: Assets/Rice_Snack/Scripts/Destory_Block.cs
  artifactKey: Guid(81237b3be752c6e44b8550f30e06ee74) Importer(815301076,1909f56bfc062723c751e8b465ee728b)
Start importing Assets/Rice_Snack/Scripts/Destory_Block.cs using Guid(81237b3be752c6e44b8550f30e06ee74) Importer(815301076,1909f56bfc062723c751e8b465ee728b)  -> (artifact id: 'e7afcc71b0b499b900c3dec8f7b0aa1b') in 0.005168 seconds 
  Import took 0.010136 seconds .

========================================================================
Received Import Request.
  Time since last request: 1.594213 seconds.
  path: Assets/Rice_Snack/Scripts/Menu_Licence.cs
  artifactKey: Guid(9a0a2098aced73e4890c9d6e5e463a1a) Importer(815301076,1909f56bfc062723c751e8b465ee728b)
Start importing Assets/Rice_Snack/Scripts/Menu_Licence.cs using Guid(9a0a2098aced73e4890c9d6e5e463a1a) Importer(815301076,1909f56bfc062723c751e8b465ee728b)  -> (artifact id: 'abb06050aef3f99483e764c1220b4fe9') in 0.004771 seconds 
  Import took 0.009399 seconds .

========================================================================
Received Import Request.
  Time since last request: 0.246465 seconds.
  path: Assets/Rice_Snack/Scripts/TutialManager.cs
  artifactKey: Guid(0618f63fcd39abe4885da715f50f0308) Importer(815301076,1909f56bfc062723c751e8b465ee728b)
Start importing Assets/Rice_Snack/Scripts/TutialManager.cs using Guid(0618f63fcd39abe4885da715f50f0308) Importer(815301076,1909f56bfc062723c751e8b465ee728b)  -> (artifact id: '15ecff06937e6e0581638bd90a41f3da') in 0.005007 seconds 
  Import took 0.010148 seconds .

========================================================================
Received Import Request.
  Time since last request: 0.279741 seconds.
  path: Assets/Rice_Snack/Scripts/SceneTest.cs
  artifactKey: Guid(cf8d6678f5a033542a3322730a366941) Importer(815301076,1909f56bfc062723c751e8b465ee728b)
Start importing Assets/Rice_Snack/Scripts/SceneTest.cs using Guid(cf8d6678f5a033542a3322730a366941) Importer(815301076,1909f56bfc062723c751e8b465ee728b)  -> (artifact id: '4835a3a8bb912645e5c254d3a11570be') in 0.004762 seconds 
  Import took 0.009608 seconds .

========================================================================
Received Import Request.
  Time since last request: 0.268067 seconds.
  path: Assets/Rice_Snack/Scripts/Menu_Tutorial.cs
  artifactKey: Guid(bfb9c704b2d1f3346919bb1d121d6f0d) Importer(815301076,1909f56bfc062723c751e8b465ee728b)
Start importing Assets/Rice_Snack/Scripts/Menu_Tutorial.cs using Guid(bfb9c704b2d1f3346919bb1d121d6f0d) Importer(815301076,1909f56bfc062723c751e8b465ee728b)  -> (artifact id: '6b340dc2b6edb0734d34763655f14d79') in 0.005602 seconds 
  Import took 0.010060 seconds .

========================================================================
Received Import Request.
  Time since last request: 0.317710 seconds.
  path: Assets/Rice_Snack/Scripts/Tutorial.cs
  artifactKey: Guid(9339ea4869bf1f9419a505e6c11c8146) Importer(815301076,1909f56bfc062723c751e8b465ee728b)
Start importing Assets/Rice_Snack/Scripts/Tutorial.cs using Guid(9339ea4869bf1f9419a505e6c11c8146) Importer(815301076,1909f56bfc062723c751e8b465ee728b)  -> (artifact id: '7580a7ab6e6396cf4d99086c0e176720') in 0.004929 seconds 
  Import took 0.009692 seconds .

========================================================================
Received Import Request.
  Time since last request: 26.697049 seconds.
  path: Assets/Rice_Snack/Scripts/Delay_Destory.cs
  artifactKey: Guid(9d95ba5221b44db4183408d8d4efaaed) Importer(815301076,1909f56bfc062723c751e8b465ee728b)
Start importing Assets/Rice_Snack/Scripts/Delay_Destory.cs using Guid(9d95ba5221b44db4183408d8d4efaaed) Importer(815301076,1909f56bfc062723c751e8b465ee728b)  -> (artifact id: '61926da16aec8f70c98d4a04316e84fc') in 0.008465 seconds 
  Import took 0.014160 seconds .

========================================================================
Received Import Request.
  Time since last request: 1.561131 seconds.
  path: Assets/Rice_Snack/Scripts/CreatBlock.cs
  artifactKey: Guid(e151ed9e73a857e43bd0c301be281a18) Importer(815301076,1909f56bfc062723c751e8b465ee728b)
Start importing Assets/Rice_Snack/Scripts/CreatBlock.cs using Guid(e151ed9e73a857e43bd0c301be281a18) Importer(815301076,1909f56bfc062723c751e8b465ee728b)  -> (artifact id: '8376b30925a1973e32bbc7d04ee6ee86') in 0.011490 seconds 
  Import took 0.019673 seconds .

========================================================================
Received Import Request.
  Time since last request: 0.426008 seconds.
  path: Assets/Rice_Snack/Scripts/Canvas_Tutorial.cs
  artifactKey: Guid(5689536263c58ae408febf6c84193fe9) Importer(815301076,1909f56bfc062723c751e8b465ee728b)
Start importing Assets/Rice_Snack/Scripts/Canvas_Tutorial.cs using Guid(5689536263c58ae408febf6c84193fe9) Importer(815301076,1909f56bfc062723c751e8b465ee728b)  -> (artifact id: 'f509055978fb5fd961e777f25c72dfdd') in 0.006044 seconds 
  Import took 0.011902 seconds .

========================================================================
Received Import Request.
  Time since last request: 89.404801 seconds.
  path: Assets/Rice_Snack/Scripts/Canvas_Tutorial.cs
  artifactKey: Guid(5689536263c58ae408febf6c84193fe9) Importer(815301076,1909f56bfc062723c751e8b465ee728b)
Start importing Assets/Rice_Snack/Scripts/Canvas_Tutorial.cs using Guid(5689536263c58ae408febf6c84193fe9) Importer(815301076,1909f56bfc062723c751e8b465ee728b)  -> (artifact id: '743f6f917d4203947323a24a97ca43bc') in 0.004724 seconds 
  Import took 0.009489 seconds .

========================================================================
Received Prepare
Registering precompiled user dll's ...
Registered in 0.015667 seconds.
Begin MonoManager ReloadAssembly
Native extension for WindowsStandalone target not found
Refreshing native plugins compatible for Editor in 0.92 ms, found 3 plugins.
Preloading 0 native plugins for Editor in 0.00 ms.
Mono: successfully reloaded assembly
- Completed reload, in  1.697 seconds
Domain Reload Profiling:
	ReloadAssembly (1698ms)
		BeginReloadAssembly (234ms)
			ExecutionOrderSort (0ms)
			DisableScriptedObjects (7ms)
			BackupInstance (0ms)
			ReleaseScriptingObjects (0ms)
			CreateAndSetChildDomain (43ms)
		EndReloadAssembly (1334ms)
			LoadAssemblies (237ms)
			RebuildTransferFunctionScriptingTraits (0ms)
			SetupTypeCache (366ms)
			ReleaseScriptCaches (1ms)
			RebuildScriptCaches (60ms)
			SetupLoadedEditorAssemblies (492ms)
				LogAssemblyErrors (0ms)
				InitializePlatformSupportModulesInManaged (7ms)
				SetLoadedEditorAssemblies (1ms)
				RefreshPlugins (1ms)
				BeforeProcessingInitializeOnLoad (173ms)
				ProcessInitializeOnLoadAttributes (260ms)
				ProcessInitializeOnLoadMethodAttributes (15ms)
				AfterProcessingInitializeOnLoad (36ms)
				EditorAssembliesLoaded (0ms)
			ExecutionOrderSort2 (0ms)
			AwakeInstancesAfterBackupRestoration (11ms)
Platform modules already initialized, skipping
Switching build target platform(19) subTarget(0) extendedPlatform(0) -> platform(13) subTarget(537395200) extendedPlatform(0)
Refreshing native plugins compatible for Editor in 0.68 ms, found 3 plugins.
Preloading 0 native plugins for Editor in 0.00 ms.
Unloading 2546 Unused Serialized files (Serialized files now loaded: 0)
System memory in use before: 122.7 MB.
System memory in use after: 122.9 MB.

Unloading 18 unused Assets to reduce memory usage. Loaded Objects now: 3233.
Total: 3.395600 ms (FindLiveObjects: 0.284600 ms CreateObjectMapping: 0.075500 ms MarkObjects: 3.018700 ms  DeleteObjects: 0.015500 ms)

AssetImportParameters requested are different than current active one (requested -> active):
  custom:framework-win-MediaFoundation: 216162199b28c13a410421893ffa2e32 -> 
  custom:video-decoder-ogg-theora: a1e56fd34408186e4bbccfd4996cb3dc -> 
  custom:container-muxer-webm: aa71ff27fc2769a1b78a27578f13a17b -> 
  custom:container-demuxer-webm: 4f35f7cbe854078d1ac9338744f61a02 -> 
  custom:container-demuxer-ogg: 62fdf1f143b41e24485cea50d1cbac27 -> 
  custom:video-encoder-webm-vp8: eb34c28f22e8b96e1ab97ce403110664 -> 
  custom:video-codec-MediaFoundation-h265: 746d11721c4dcdbdad8f713fa42b33f4 -> 
  custom:video-decoder-webm-vp8: 9c59270c3fd7afecdb556c50c9e8de78 -> 
  custom:graphics/normal-map-encoding: 01000000000000000000000000000000 -> 02000000000000000000000000000000
  custom:audio-decoder-ogg-vorbis: bf7c407c2cedff20999df2af8eb42d56 -> 
  custom:audio-encoder-webm-vorbis: bf7c407c2cedff20999df2af8eb42d56 -> 
========================================================================
Received Prepare
Registering precompiled user dll's ...
Registered in 0.017336 seconds.
Begin MonoManager ReloadAssembly
Native extension for WindowsStandalone target not found
Refreshing native plugins compatible for Editor in 1.25 ms, found 3 plugins.
Preloading 0 native plugins for Editor in 0.00 ms.
Mono: successfully reloaded assembly
- Completed reload, in  2.240 seconds
Domain Reload Profiling:
	ReloadAssembly (2241ms)
		BeginReloadAssembly (313ms)
			ExecutionOrderSort (0ms)
			DisableScriptedObjects (11ms)
			BackupInstance (0ms)
			ReleaseScriptingObjects (0ms)
			CreateAndSetChildDomain (54ms)
		EndReloadAssembly (1757ms)
			LoadAssemblies (310ms)
			RebuildTransferFunctionScriptingTraits (0ms)
			SetupTypeCache (477ms)
			ReleaseScriptCaches (2ms)
			RebuildScriptCaches (78ms)
			SetupLoadedEditorAssemblies (669ms)
				LogAssemblyErrors (0ms)
				InitializePlatformSupportModulesInManaged (8ms)
				SetLoadedEditorAssemblies (1ms)
				RefreshPlugins (1ms)
				BeforeProcessingInitializeOnLoad (239ms)
				ProcessInitializeOnLoadAttributes (348ms)
				ProcessInitializeOnLoadMethodAttributes (22ms)
				AfterProcessingInitializeOnLoad (50ms)
				EditorAssembliesLoaded (0ms)
			ExecutionOrderSort2 (0ms)
			AwakeInstancesAfterBackupRestoration (15ms)
Platform modules already initialized, skipping
Switching build target platform(19) subTarget(0) extendedPlatform(0) -> platform(13) subTarget(537395200) extendedPlatform(0)
Refreshing native plugins compatible for Editor in 0.67 ms, found 3 plugins.
Preloading 0 native plugins for Editor in 0.00 ms.
Unloading 2546 Unused Serialized files (Serialized files now loaded: 0)
System memory in use before: 122.7 MB.
System memory in use after: 122.9 MB.

Unloading 18 unused Assets to reduce memory usage. Loaded Objects now: 3235.
Total: 5.048600 ms (FindLiveObjects: 0.283500 ms CreateObjectMapping: 0.073800 ms MarkObjects: 4.664100 ms  DeleteObjects: 0.025900 ms)

AssetImportParameters requested are different than current active one (requested -> active):
  custom:framework-win-MediaFoundation: 216162199b28c13a410421893ffa2e32 -> 
  custom:video-decoder-ogg-theora: a1e56fd34408186e4bbccfd4996cb3dc -> 
  custom:container-muxer-webm: aa71ff27fc2769a1b78a27578f13a17b -> 
  custom:container-demuxer-webm: 4f35f7cbe854078d1ac9338744f61a02 -> 
  custom:container-demuxer-ogg: 62fdf1f143b41e24485cea50d1cbac27 -> 
  custom:video-encoder-webm-vp8: eb34c28f22e8b96e1ab97ce403110664 -> 
  custom:video-codec-MediaFoundation-h265: 746d11721c4dcdbdad8f713fa42b33f4 -> 
  custom:video-decoder-webm-vp8: 9c59270c3fd7afecdb556c50c9e8de78 -> 
  custom:graphics/normal-map-encoding: 01000000000000000000000000000000 -> 02000000000000000000000000000000
  custom:audio-decoder-ogg-vorbis: bf7c407c2cedff20999df2af8eb42d56 -> 
  custom:audio-encoder-webm-vorbis: bf7c407c2cedff20999df2af8eb42d56 -> 
========================================================================
Received Prepare
Registering precompiled user dll's ...
Registered in 0.015633 seconds.
Begin MonoManager ReloadAssembly
Native extension for WindowsStandalone target not found
Refreshing native plugins compatible for Editor in 0.69 ms, found 3 plugins.
Preloading 0 native plugins for Editor in 0.00 ms.
Mono: successfully reloaded assembly
- Completed reload, in  1.828 seconds
Domain Reload Profiling:
	ReloadAssembly (1829ms)
		BeginReloadAssembly (244ms)
			ExecutionOrderSort (0ms)
			DisableScriptedObjects (9ms)
			BackupInstance (0ms)
			ReleaseScriptingObjects (0ms)
			CreateAndSetChildDomain (37ms)
		EndReloadAssembly (1451ms)
			LoadAssemblies (258ms)
			RebuildTransferFunctionScriptingTraits (0ms)
			SetupTypeCache (396ms)
			ReleaseScriptCaches (1ms)
			RebuildScriptCaches (67ms)
			SetupLoadedEditorAssemblies (489ms)
				LogAssemblyErrors (0ms)
				InitializePlatformSupportModulesInManaged (6ms)
				SetLoadedEditorAssemblies (1ms)
				RefreshPlugins (1ms)
				BeforeProcessingInitializeOnLoad (171ms)
				ProcessInitializeOnLoadAttributes (257ms)
				ProcessInitializeOnLoadMethodAttributes (15ms)
				AfterProcessingInitializeOnLoad (38ms)
				EditorAssembliesLoaded (0ms)
			ExecutionOrderSort2 (0ms)
			AwakeInstancesAfterBackupRestoration (12ms)
Platform modules already initialized, skipping
Switching build target platform(19) subTarget(0) extendedPlatform(0) -> platform(13) subTarget(537395200) extendedPlatform(0)
Refreshing native plugins compatible for Editor in 0.67 ms, found 3 plugins.
Preloading 0 native plugins for Editor in 0.00 ms.
Unloading 2546 Unused Serialized files (Serialized files now loaded: 0)
System memory in use before: 122.7 MB.
System memory in use after: 123.0 MB.

Unloading 18 unused Assets to reduce memory usage. Loaded Objects now: 3237.
Total: 3.680600 ms (FindLiveObjects: 0.261200 ms CreateObjectMapping: 0.073400 ms MarkObjects: 3.322600 ms  DeleteObjects: 0.021400 ms)

AssetImportParameters requested are different than current active one (requested -> active):
  custom:framework-win-MediaFoundation: 216162199b28c13a410421893ffa2e32 -> 
  custom:video-decoder-ogg-theora: a1e56fd34408186e4bbccfd4996cb3dc -> 
  custom:container-muxer-webm: aa71ff27fc2769a1b78a27578f13a17b -> 
  custom:container-demuxer-webm: 4f35f7cbe854078d1ac9338744f61a02 -> 
  custom:container-demuxer-ogg: 62fdf1f143b41e24485cea50d1cbac27 -> 
  custom:video-encoder-webm-vp8: eb34c28f22e8b96e1ab97ce403110664 -> 
  custom:video-codec-MediaFoundation-h265: 746d11721c4dcdbdad8f713fa42b33f4 -> 
  custom:video-decoder-webm-vp8: 9c59270c3fd7afecdb556c50c9e8de78 -> 
  custom:graphics/normal-map-encoding: 01000000000000000000000000000000 -> 02000000000000000000000000000000
  custom:audio-decoder-ogg-vorbis: bf7c407c2cedff20999df2af8eb42d56 -> 
  custom:audio-encoder-webm-vorbis: bf7c407c2cedff20999df2af8eb42d56 -> 
========================================================================
Received Prepare
Registering precompiled user dll's ...
Registered in 0.015925 seconds.
Begin MonoManager ReloadAssembly
Native extension for WindowsStandalone target not found
Refreshing native plugins compatible for Editor in 0.75 ms, found 3 plugins.
Preloading 0 native plugins for Editor in 0.00 ms.
Mono: successfully reloaded assembly
- Completed reload, in  1.882 seconds
Domain Reload Profiling:
	ReloadAssembly (1883ms)
		BeginReloadAssembly (250ms)
			ExecutionOrderSort (0ms)
			DisableScriptedObjects (7ms)
			BackupInstance (0ms)
			ReleaseScriptingObjects (0ms)
			CreateAndSetChildDomain (38ms)
		EndReloadAssembly (1504ms)
			LoadAssemblies (261ms)
			RebuildTransferFunctionScriptingTraits (0ms)
			SetupTypeCache (393ms)
			ReleaseScriptCaches (1ms)
			RebuildScriptCaches (64ms)
			SetupLoadedEditorAssemblies (513ms)
				LogAssemblyErrors (0ms)
				InitializePlatformSupportModulesInManaged (7ms)
				SetLoadedEditorAssemblies (1ms)
				RefreshPlugins (1ms)
				BeforeProcessingInitializeOnLoad (183ms)
				ProcessInitializeOnLoadAttributes (267ms)
				ProcessInitializeOnLoadMethodAttributes (16ms)
				AfterProcessingInitializeOnLoad (38ms)
				EditorAssembliesLoaded (0ms)
			ExecutionOrderSort2 (0ms)
			AwakeInstancesAfterBackupRestoration (11ms)
Platform modules already initialized, skipping
Switching build target platform(19) subTarget(0) extendedPlatform(0) -> platform(13) subTarget(537395200) extendedPlatform(0)
Refreshing native plugins compatible for Editor in 0.78 ms, found 3 plugins.
Preloading 0 native plugins for Editor in 0.00 ms.
Unloading 2546 Unused Serialized files (Serialized files now loaded: 0)
System memory in use before: 122.7 MB.
System memory in use after: 123.0 MB.

Unloading 18 unused Assets to reduce memory usage. Loaded Objects now: 3239.
Total: 5.404400 ms (FindLiveObjects: 0.728100 ms CreateObjectMapping: 0.235000 ms MarkObjects: 4.417500 ms  DeleteObjects: 0.022100 ms)

AssetImportParameters requested are different than current active one (requested -> active):
  custom:framework-win-MediaFoundation: 216162199b28c13a410421893ffa2e32 -> 
  custom:video-decoder-ogg-theora: a1e56fd34408186e4bbccfd4996cb3dc -> 
  custom:container-muxer-webm: aa71ff27fc2769a1b78a27578f13a17b -> 
  custom:container-demuxer-webm: 4f35f7cbe854078d1ac9338744f61a02 -> 
  custom:container-demuxer-ogg: 62fdf1f143b41e24485cea50d1cbac27 -> 
  custom:video-encoder-webm-vp8: eb34c28f22e8b96e1ab97ce403110664 -> 
  custom:video-codec-MediaFoundation-h265: 746d11721c4dcdbdad8f713fa42b33f4 -> 
  custom:video-decoder-webm-vp8: 9c59270c3fd7afecdb556c50c9e8de78 -> 
  custom:graphics/normal-map-encoding: 01000000000000000000000000000000 -> 02000000000000000000000000000000
  custom:audio-decoder-ogg-vorbis: bf7c407c2cedff20999df2af8eb42d56 -> 
  custom:audio-encoder-webm-vorbis: bf7c407c2cedff20999df2af8eb42d56 -> 
========================================================================
Received Prepare
Registering precompiled user dll's ...
Registered in 0.028384 seconds.
Begin MonoManager ReloadAssembly
Native extension for WindowsStandalone target not found
Refreshing native plugins compatible for Editor in 0.73 ms, found 3 plugins.
Preloading 0 native plugins for Editor in 0.00 ms.
Mono: successfully reloaded assembly
- Completed reload, in  3.715 seconds
Domain Reload Profiling:
	ReloadAssembly (3716ms)
		BeginReloadAssembly (267ms)
			ExecutionOrderSort (0ms)
			DisableScriptedObjects (11ms)
			BackupInstance (0ms)
			ReleaseScriptingObjects (0ms)
			CreateAndSetChildDomain (49ms)
		EndReloadAssembly (3306ms)
			LoadAssemblies (262ms)
			RebuildTransferFunctionScriptingTraits (0ms)
			SetupTypeCache (1991ms)
			ReleaseScriptCaches (2ms)
			RebuildScriptCaches (77ms)
			SetupLoadedEditorAssemblies (597ms)
				LogAssemblyErrors (0ms)
				InitializePlatformSupportModulesInManaged (7ms)
				SetLoadedEditorAssemblies (1ms)
				RefreshPlugins (1ms)
				BeforeProcessingInitializeOnLoad (213ms)
				ProcessInitializeOnLoadAttributes (315ms)
				ProcessInitializeOnLoadMethodAttributes (19ms)
				AfterProcessingInitializeOnLoad (41ms)
				EditorAssembliesLoaded (0ms)
			ExecutionOrderSort2 (0ms)
			AwakeInstancesAfterBackupRestoration (13ms)
Platform modules already initialized, skipping
Switching build target platform(19) subTarget(0) extendedPlatform(0) -> platform(13) subTarget(537395200) extendedPlatform(0)
Refreshing native plugins compatible for Editor in 0.71 ms, found 3 plugins.
Preloading 0 native plugins for Editor in 0.00 ms.
Unloading 2546 Unused Serialized files (Serialized files now loaded: 0)
System memory in use before: 122.7 MB.
System memory in use after: 123.0 MB.

Unloading 18 unused Assets to reduce memory usage. Loaded Objects now: 3241.
Total: 5.693400 ms (FindLiveObjects: 0.342500 ms CreateObjectMapping: 0.079200 ms MarkObjects: 5.236800 ms  DeleteObjects: 0.031500 ms)

AssetImportParameters requested are different than current active one (requested -> active):
  custom:framework-win-MediaFoundation: 216162199b28c13a410421893ffa2e32 -> 
  custom:video-decoder-ogg-theora: a1e56fd34408186e4bbccfd4996cb3dc -> 
  custom:container-muxer-webm: aa71ff27fc2769a1b78a27578f13a17b -> 
  custom:container-demuxer-webm: 4f35f7cbe854078d1ac9338744f61a02 -> 
  custom:container-demuxer-ogg: 62fdf1f143b41e24485cea50d1cbac27 -> 
  custom:video-encoder-webm-vp8: eb34c28f22e8b96e1ab97ce403110664 -> 
  custom:video-codec-MediaFoundation-h265: 746d11721c4dcdbdad8f713fa42b33f4 -> 
  custom:video-decoder-webm-vp8: 9c59270c3fd7afecdb556c50c9e8de78 -> 
  custom:graphics/normal-map-encoding: 01000000000000000000000000000000 -> 02000000000000000000000000000000
  custom:audio-decoder-ogg-vorbis: bf7c407c2cedff20999df2af8eb42d56 -> 
  custom:audio-encoder-webm-vorbis: bf7c407c2cedff20999df2af8eb42d56 -> 
========================================================================
Received Import Request.
  Time since last request: 3175.710689 seconds.
  path: Assets/Rice_Snack/Scripts/Canvas_Tutorial.cs
  artifactKey: Guid(5689536263c58ae408febf6c84193fe9) Importer(815301076,1909f56bfc062723c751e8b465ee728b)
Start importing Assets/Rice_Snack/Scripts/Canvas_Tutorial.cs using Guid(5689536263c58ae408febf6c84193fe9) Importer(815301076,1909f56bfc062723c751e8b465ee728b)  -> (artifact id: '9f92218673852ee43fbe2ac59fe64153') in 0.011362 seconds 
  Import took 0.017192 seconds .

========================================================================
Received Import Request.
  Time since last request: 51.854881 seconds.
  path: Assets/Rice_Snack/Scripts/Tutorial.cs
  artifactKey: Guid(9339ea4869bf1f9419a505e6c11c8146) Importer(815301076,1909f56bfc062723c751e8b465ee728b)
Start importing Assets/Rice_Snack/Scripts/Tutorial.cs using Guid(9339ea4869bf1f9419a505e6c11c8146) Importer(815301076,1909f56bfc062723c751e8b465ee728b)  -> (artifact id: '15e8b04fbef2901c2efcaef89c6b9770') in 0.109625 seconds 
  Import took 0.130193 seconds .

========================================================================
Received Prepare
Registering precompiled user dll's ...
Registered in 0.017594 seconds.
Begin MonoManager ReloadAssembly
Native extension for WindowsStandalone target not found
Refreshing native plugins compatible for Editor in 0.70 ms, found 3 plugins.
Preloading 0 native plugins for Editor in 0.00 ms.
Mono: successfully reloaded assembly
- Completed reload, in  2.005 seconds
Domain Reload Profiling:
	ReloadAssembly (2005ms)
		BeginReloadAssembly (256ms)
			ExecutionOrderSort (0ms)
			DisableScriptedObjects (8ms)
			BackupInstance (0ms)
			ReleaseScriptingObjects (0ms)
			CreateAndSetChildDomain (41ms)
		EndReloadAssembly (1616ms)
			LoadAssemblies (261ms)
			RebuildTransferFunctionScriptingTraits (0ms)
			SetupTypeCache (411ms)
			ReleaseScriptCaches (2ms)
			RebuildScriptCaches (63ms)
			SetupLoadedEditorAssemblies (542ms)
				LogAssemblyErrors (0ms)
				InitializePlatformSupportModulesInManaged (7ms)
				SetLoadedEditorAssemblies (1ms)
				RefreshPlugins (1ms)
				BeforeProcessingInitializeOnLoad (182ms)
				ProcessInitializeOnLoadAttributes (296ms)
				ProcessInitializeOnLoadMethodAttributes (17ms)
				AfterProcessingInitializeOnLoad (39ms)
				EditorAssembliesLoaded (0ms)
			ExecutionOrderSort2 (0ms)
			AwakeInstancesAfterBackupRestoration (13ms)
Platform modules already initialized, skipping
Switching build target platform(19) subTarget(0) extendedPlatform(0) -> platform(13) subTarget(537395200) extendedPlatform(0)
Refreshing native plugins compatible for Editor in 0.87 ms, found 3 plugins.
Preloading 0 native plugins for Editor in 0.00 ms.
Unloading 2546 Unused Serialized files (Serialized files now loaded: 0)
System memory in use before: 122.7 MB.
System memory in use after: 123.0 MB.

Unloading 18 unused Assets to reduce memory usage. Loaded Objects now: 3243.
Total: 3.592300 ms (FindLiveObjects: 0.290200 ms CreateObjectMapping: 0.113000 ms MarkObjects: 3.167100 ms  DeleteObjects: 0.019800 ms)

AssetImportParameters requested are different than current active one (requested -> active):
  custom:framework-win-MediaFoundation: 216162199b28c13a410421893ffa2e32 -> 
  custom:video-decoder-ogg-theora: a1e56fd34408186e4bbccfd4996cb3dc -> 
  custom:container-muxer-webm: aa71ff27fc2769a1b78a27578f13a17b -> 
  custom:container-demuxer-webm: 4f35f7cbe854078d1ac9338744f61a02 -> 
  custom:container-demuxer-ogg: 62fdf1f143b41e24485cea50d1cbac27 -> 
  custom:video-encoder-webm-vp8: eb34c28f22e8b96e1ab97ce403110664 -> 
  custom:video-codec-MediaFoundation-h265: 746d11721c4dcdbdad8f713fa42b33f4 -> 
  custom:video-decoder-webm-vp8: 9c59270c3fd7afecdb556c50c9e8de78 -> 
  custom:graphics/normal-map-encoding: 01000000000000000000000000000000 -> 02000000000000000000000000000000
  custom:audio-decoder-ogg-vorbis: bf7c407c2cedff20999df2af8eb42d56 -> 
  custom:audio-encoder-webm-vorbis: bf7c407c2cedff20999df2af8eb42d56 -> 
========================================================================
Received Prepare
Registering precompiled user dll's ...
Registered in 0.015250 seconds.
Begin MonoManager ReloadAssembly
Native extension for WindowsStandalone target not found
Refreshing native plugins compatible for Editor in 0.96 ms, found 3 plugins.
Preloading 0 native plugins for Editor in 0.00 ms.
Mono: successfully reloaded assembly
- Completed reload, in  1.913 seconds
Domain Reload Profiling:
	ReloadAssembly (1913ms)
		BeginReloadAssembly (227ms)
			ExecutionOrderSort (0ms)
			DisableScriptedObjects (7ms)
			BackupInstance (0ms)
			ReleaseScriptingObjects (0ms)
			CreateAndSetChildDomain (35ms)
		EndReloadAssembly (1566ms)
			LoadAssemblies (236ms)
			RebuildTransferFunctionScriptingTraits (0ms)
			SetupTypeCache (374ms)
			ReleaseScriptCaches (1ms)
			RebuildScriptCaches (60ms)
			SetupLoadedEditorAssemblies (509ms)
				LogAssemblyErrors (0ms)
				InitializePlatformSupportModulesInManaged (6ms)
				SetLoadedEditorAssemblies (1ms)
				RefreshPlugins (1ms)
				BeforeProcessingInitializeOnLoad (196ms)
				ProcessInitializeOnLoadAttributes (253ms)
				ProcessInitializeOnLoadMethodAttributes (14ms)
				AfterProcessingInitializeOnLoad (37ms)
				EditorAssembliesLoaded (0ms)
			ExecutionOrderSort2 (0ms)
			AwakeInstancesAfterBackupRestoration (11ms)
Platform modules already initialized, skipping
Switching build target platform(19) subTarget(0) extendedPlatform(0) -> platform(13) subTarget(537395200) extendedPlatform(0)
Refreshing native plugins compatible for Editor in 0.73 ms, found 3 plugins.
Preloading 0 native plugins for Editor in 0.00 ms.
Unloading 2546 Unused Serialized files (Serialized files now loaded: 0)
System memory in use before: 122.8 MB.
System memory in use after: 123.0 MB.

Unloading 18 unused Assets to reduce memory usage. Loaded Objects now: 3245.
Total: 3.957500 ms (FindLiveObjects: 0.251000 ms CreateObjectMapping: 0.073500 ms MarkObjects: 3.610000 ms  DeleteObjects: 0.021200 ms)

AssetImportParameters requested are different than current active one (requested -> active):
  custom:framework-win-MediaFoundation: 216162199b28c13a410421893ffa2e32 -> 
  custom:video-decoder-ogg-theora: a1e56fd34408186e4bbccfd4996cb3dc -> 
  custom:container-muxer-webm: aa71ff27fc2769a1b78a27578f13a17b -> 
  custom:container-demuxer-webm: 4f35f7cbe854078d1ac9338744f61a02 -> 
  custom:container-demuxer-ogg: 62fdf1f143b41e24485cea50d1cbac27 -> 
  custom:video-encoder-webm-vp8: eb34c28f22e8b96e1ab97ce403110664 -> 
  custom:video-codec-MediaFoundation-h265: 746d11721c4dcdbdad8f713fa42b33f4 -> 
  custom:video-decoder-webm-vp8: 9c59270c3fd7afecdb556c50c9e8de78 -> 
  custom:graphics/normal-map-encoding: 01000000000000000000000000000000 -> 02000000000000000000000000000000
  custom:audio-decoder-ogg-vorbis: bf7c407c2cedff20999df2af8eb42d56 -> 
  custom:audio-encoder-webm-vorbis: bf7c407c2cedff20999df2af8eb42d56 -> 
========================================================================
Received Import Request.
  Time since last request: 67.096392 seconds.
  path: Assets/Rice_Snack/Frefab/Patten_11.prefab
  artifactKey: Guid(a75b778a4fe0bc947afe71fc7f7e8f68) Importer(815301076,1909f56bfc062723c751e8b465ee728b)
Start importing Assets/Rice_Snack/Frefab/Patten_11.prefab using Guid(a75b778a4fe0bc947afe71fc7f7e8f68) Importer(815301076,1909f56bfc062723c751e8b465ee728b)  -> (artifact id: '7a9f2f52a540cb318b21ebe144e5ff3c') in 0.107584 seconds 
  Import took 0.113101 seconds .

========================================================================
Received Import Request.
  Time since last request: 0.000325 seconds.
  path: Assets/Rice_Snack/Frefab/Tutorial_Meteor.prefab
  artifactKey: Guid(e19a3971257fdc649832e7c005f5adde) Importer(815301076,1909f56bfc062723c751e8b465ee728b)
Start importing Assets/Rice_Snack/Frefab/Tutorial_Meteor.prefab using Guid(e19a3971257fdc649832e7c005f5adde) Importer(815301076,1909f56bfc062723c751e8b465ee728b)  -> (artifact id: 'fb8c1b07d52bd28831431992137b974f') in 0.019027 seconds 
  Import took 0.024712 seconds .

========================================================================
Received Import Request.
  Time since last request: 0.000298 seconds.
  path: Assets/Rice_Snack/Frefab/Patten_1 1.prefab
  artifactKey: Guid(6d08d3f9bde4c074fb08b58fd2deef5c) Importer(815301076,1909f56bfc062723c751e8b465ee728b)
Start importing Assets/Rice_Snack/Frefab/Patten_1 1.prefab using Guid(6d08d3f9bde4c074fb08b58fd2deef5c) Importer(815301076,1909f56bfc062723c751e8b465ee728b)  -> (artifact id: '4db687572f759445326f4831fed85e9a') in 0.016585 seconds 
  Import took 0.021683 seconds .

========================================================================
Received Import Request.
  Time since last request: 0.000344 seconds.
  path: Assets/Rice_Snack/Frefab/Patten_3 1.prefab
  artifactKey: Guid(26ea27d827364824a891d91871a8a40c) Importer(815301076,1909f56bfc062723c751e8b465ee728b)
Start importing Assets/Rice_Snack/Frefab/Patten_3 1.prefab using Guid(26ea27d827364824a891d91871a8a40c) Importer(815301076,1909f56bfc062723c751e8b465ee728b)  -> (artifact id: '585937380f3641fee6ef52435a5f2b1b') in 0.017136 seconds 
  Import took 0.022509 seconds .

========================================================================
Received Import Request.
  Time since last request: 0.000298 seconds.
  path: Assets/Rice_Snack/Frefab/HealItem.prefab
  artifactKey: Guid(b812d933d49a2d94193e85fcf1345141) Importer(815301076,1909f56bfc062723c751e8b465ee728b)
Start importing Assets/Rice_Snack/Frefab/HealItem.prefab using Guid(b812d933d49a2d94193e85fcf1345141) Importer(815301076,1909f56bfc062723c751e8b465ee728b)  -> (artifact id: '65e8b9daea2856a3dcee43bc0c143db7') in 0.015828 seconds 
  Import took 0.020953 seconds .

========================================================================
Received Import Request.
  Time since last request: 0.000250 seconds.
  path: Assets/Rice_Snack/Frefab/N_block.prefab
  artifactKey: Guid(95e3ff352cd6d6244a610d8a011479db) Importer(815301076,1909f56bfc062723c751e8b465ee728b)
Start importing Assets/Rice_Snack/Frefab/N_block.prefab using Guid(95e3ff352cd6d6244a610d8a011479db) Importer(815301076,1909f56bfc062723c751e8b465ee728b)  -> (artifact id: '72a9eb672ccbfc4c86ebf7e618d7179b') in 0.017890 seconds 
  Import took 0.022478 seconds .

========================================================================
Received Import Request.
  Time since last request: 0.000294 seconds.
  path: Assets/Rice_Snack/Frefab/Patten_10.prefab
  artifactKey: Guid(10b2d2eeb52b22948bc37e22da17aba6) Importer(815301076,1909f56bfc062723c751e8b465ee728b)
Start importing Assets/Rice_Snack/Frefab/Patten_10.prefab using Guid(10b2d2eeb52b22948bc37e22da17aba6) Importer(815301076,1909f56bfc062723c751e8b465ee728b)  -> (artifact id: '5578dd487ff233be80e61b2f47975f3e') in 0.016307 seconds 
  Import took 0.021646 seconds .

========================================================================
Received Import Request.
  Time since last request: 0.000352 seconds.
  path: Assets/Rice_Snack/Frefab/Patten_9.prefab
  artifactKey: Guid(f81c7b27e9c7ddb4aae4517e53e293fd) Importer(815301076,1909f56bfc062723c751e8b465ee728b)
Start importing Assets/Rice_Snack/Frefab/Patten_9.prefab using Guid(f81c7b27e9c7ddb4aae4517e53e293fd) Importer(815301076,1909f56bfc062723c751e8b465ee728b)  -> (artifact id: '2ea88e2741d6a065d67fde9910964f43') in 0.019435 seconds 
  Import took 0.024212 seconds .

========================================================================
Received Import Request.
  Time since last request: 0.000305 seconds.
  path: Assets/Rice_Snack/Frefab/CheckBar.prefab
  artifactKey: Guid(733b57029cb471a4caaf4449b53c3fa5) Importer(815301076,1909f56bfc062723c751e8b465ee728b)
Start importing Assets/Rice_Snack/Frefab/CheckBar.prefab using Guid(733b57029cb471a4caaf4449b53c3fa5) Importer(815301076,1909f56bfc062723c751e8b465ee728b)  -> (artifact id: 'a13832a29d3e768fa3407a590bf5fe1a') in 0.015942 seconds 
  Import took 0.021403 seconds .

========================================================================
Received Import Request.
  Time since last request: 0.000292 seconds.
  path: Assets/Rice_Snack/Frefab/S_Block.prefab
  artifactKey: Guid(b5d034127a619e94da42e0b695b15a0e) Importer(815301076,1909f56bfc062723c751e8b465ee728b)
Start importing Assets/Rice_Snack/Frefab/S_Block.prefab using Guid(b5d034127a619e94da42e0b695b15a0e) Importer(815301076,1909f56bfc062723c751e8b465ee728b)  -> (artifact id: '8d3b6dda84d1f2c63d19e4b79f8f6248') in 0.014569 seconds 
  Import took 0.019758 seconds .

========================================================================
Received Import Request.
  Time since last request: 0.000322 seconds.
  path: Assets/Rice_Snack/Frefab/Magnet.prefab
  artifactKey: Guid(636088d58db83064fa1fe09d28bc36ab) Importer(815301076,1909f56bfc062723c751e8b465ee728b)
Start importing Assets/Rice_Snack/Frefab/Magnet.prefab using Guid(636088d58db83064fa1fe09d28bc36ab) Importer(815301076,1909f56bfc062723c751e8b465ee728b)  -> (artifact id: 'cdba89d3addd86197dc40db0591f4656') in 0.014973 seconds 
  Import took 0.021366 seconds .

========================================================================
Received Import Request.
  Time since last request: 0.000278 seconds.
  path: Assets/Rice_Snack/Frefab/Patten_4 1.prefab
  artifactKey: Guid(91187ff3d795a284fa56cb414b32fdbd) Importer(815301076,1909f56bfc062723c751e8b465ee728b)
Start importing Assets/Rice_Snack/Frefab/Patten_4 1.prefab using Guid(91187ff3d795a284fa56cb414b32fdbd) Importer(815301076,1909f56bfc062723c751e8b465ee728b)  -> (artifact id: '809014d64b2121be54fdf1d07484e923') in 0.017499 seconds 
  Import took 0.022407 seconds .

========================================================================
Received Import Request.
  Time since last request: 0.000301 seconds.
  path: Assets/Rice_Snack/Frefab/Patten_2 1.prefab
  artifactKey: Guid(4fb4aa005077dff449d1eb326998a4b2) Importer(815301076,1909f56bfc062723c751e8b465ee728b)
Start importing Assets/Rice_Snack/Frefab/Patten_2 1.prefab using Guid(4fb4aa005077dff449d1eb326998a4b2) Importer(815301076,1909f56bfc062723c751e8b465ee728b)  -> (artifact id: '6807d9158d0af0eae00621f5077d58ae') in 0.016032 seconds 
  Import took 0.021497 seconds .

========================================================================
Received Import Request.
  Time since last request: 0.000357 seconds.
  path: Assets/Rice_Snack/Frefab/Patten_6 1.prefab
  artifactKey: Guid(4e35738af69cd15488b3eb8ff73da86a) Importer(815301076,1909f56bfc062723c751e8b465ee728b)
Start importing Assets/Rice_Snack/Frefab/Patten_6 1.prefab using Guid(4e35738af69cd15488b3eb8ff73da86a) Importer(815301076,1909f56bfc062723c751e8b465ee728b)  -> (artifact id: 'c42d7c742356573940f219b94919ffcb') in 0.017619 seconds 
  Import took 0.023322 seconds .

========================================================================
Received Import Request.
  Time since last request: 0.000255 seconds.
  path: Assets/Rice_Snack/Frefab/Patten_12.prefab
  artifactKey: Guid(8fa70a35f0616b34da07b81b18b31b2a) Importer(815301076,1909f56bfc062723c751e8b465ee728b)
Start importing Assets/Rice_Snack/Frefab/Patten_12.prefab using Guid(8fa70a35f0616b34da07b81b18b31b2a) Importer(815301076,1909f56bfc062723c751e8b465ee728b)  -> (artifact id: '59299ff3cdaaa73c5fd1ac02df10e21b') in 0.016322 seconds 
  Import took 0.020829 seconds .

========================================================================
Received Import Request.
  Time since last request: 0.000343 seconds.
  path: Assets/Rice_Snack/Frefab/Patten_13.prefab
  artifactKey: Guid(7de6e7b791ec6a942be929cf8167052d) Importer(815301076,1909f56bfc062723c751e8b465ee728b)
Start importing Assets/Rice_Snack/Frefab/Patten_13.prefab using Guid(7de6e7b791ec6a942be929cf8167052d) Importer(815301076,1909f56bfc062723c751e8b465ee728b)  -> (artifact id: '9a9c112ca90e71800030afc875fb72e1') in 0.019547 seconds 
  Import took 0.025346 seconds .

========================================================================
Received Import Request.
  Time since last request: 0.000413 seconds.
  path: Assets/Rice_Snack/Frefab/Patten_8 1.prefab
  artifactKey: Guid(46412466a1db1c24f8d51bf27fff4b20) Importer(815301076,1909f56bfc062723c751e8b465ee728b)
Start importing Assets/Rice_Snack/Frefab/Patten_8 1.prefab using Guid(46412466a1db1c24f8d51bf27fff4b20) Importer(815301076,1909f56bfc062723c751e8b465ee728b)  -> (artifact id: '10339138d6d9fb23576cd1262c1a630a') in 0.021022 seconds 
  Import took 0.026724 seconds .

========================================================================
Received Import Request.
  Time since last request: 0.000313 seconds.
  path: Assets/Rice_Snack/Frefab/Patten_7 1.prefab
  artifactKey: Guid(3cd0d6a6ba335b04092635500a142953) Importer(815301076,1909f56bfc062723c751e8b465ee728b)
Start importing Assets/Rice_Snack/Frefab/Patten_7 1.prefab using Guid(3cd0d6a6ba335b04092635500a142953) Importer(815301076,1909f56bfc062723c751e8b465ee728b)  -> (artifact id: 'e72c878cc8ad6e9ebb911ff3f5a5410c') in 0.018058 seconds 
  Import took 0.023400 seconds .

========================================================================
Received Import Request.
  Time since last request: 0.000315 seconds.
  path: Assets/Rice_Snack/Frefab/Patten_5 1.prefab
  artifactKey: Guid(cce0d9b02db70fc46a363e9fce7cc35f) Importer(815301076,1909f56bfc062723c751e8b465ee728b)
Start importing Assets/Rice_Snack/Frefab/Patten_5 1.prefab using Guid(cce0d9b02db70fc46a363e9fce7cc35f) Importer(815301076,1909f56bfc062723c751e8b465ee728b)  -> (artifact id: '4ac0e902171672c555a849e8d89f3b9b') in 0.017313 seconds 
  Import took 0.022551 seconds .

========================================================================
Received Import Request.
  Time since last request: 1461.135591 seconds.
  path: Assets/Scences/Tutorial.unity
  artifactKey: Guid(56a0d678a724f624fac0b16504d40a88) Importer(815301076,1909f56bfc062723c751e8b465ee728b)
Start importing Assets/Scences/Tutorial.unity using Guid(56a0d678a724f624fac0b16504d40a88) Importer(815301076,1909f56bfc062723c751e8b465ee728b)  -> (artifact id: '21f2b55aa303b9b305685fc16c44bff2') in 0.005742 seconds 
  Import took 0.011000 seconds .

AssetImportWorkerClient::OnTransportError - code=2 error=End of file
